<?xml version="1.0" encoding="UTF-8"?>
<!-- Generated by org.testng.reporters.JUnitReportReporter -->
<testsuite ignored="0" hostname="macbooks-MacBook-Pro.local" failures="0" tests="1" name="testscripts.FindHotelsE2e" time="9.711" errors="0" timestamp="29 Jan 2021 03:50:51 GMT" skipped="0">
  <testcase classname="testscripts.FindHotelsE2e" name="testScript001" time="9.711"/>
</testsuite> <!-- testscripts.FindHotelsE2e -->
